  SteeringSeperation.cpp
  SteeringSeek.cpp
  SteeringCohesion.cpp
  SteeringBase.cpp
  SteeringAlignment.cpp
  AgentManager.cpp
c:\users\s181210\documents\projects\004_ai\life-of-an-ai\g-life of an ai\project2d\agentmanager.cpp(50): warning C4018: '<': signed/unsigned mismatch
c:\users\s181210\documents\projects\004_ai\life-of-an-ai\g-life of an ai\project2d\agentmanager.cpp(75): warning C4018: '<': signed/unsigned mismatch
c:\users\s181210\documents\projects\004_ai\life-of-an-ai\g-life of an ai\project2d\agentmanager.cpp(103): warning C4018: '<': signed/unsigned mismatch
c:\users\s181210\documents\projects\004_ai\life-of-an-ai\g-life of an ai\project2d\agentmanager.cpp(109): warning C4018: '<': signed/unsigned mismatch
c:\users\s181210\documents\projects\004_ai\life-of-an-ai\g-life of an ai\project2d\agentmanager.cpp(125): warning C4018: '<': signed/unsigned mismatch
c:\users\s181210\documents\projects\004_ai\life-of-an-ai\g-life of an ai\project2d\agentmanager.cpp(135): warning C4018: '<': signed/unsigned mismatch
  Generating Code...
  Compiling...
  SteeringWander.cpp
c:\users\s181210\documents\projects\004_ai\life-of-an-ai\g-life of an ai\project2d\steeringwander.cpp(13): warning C4244: 'argument': conversion from 'time_t' to 'unsigned int', possible loss of data
  SteeringFlee.cpp
  Generating Code...
  Skipping... (no relevant changes detected)
  Flocking.cpp
LINK : warning LNK4098: defaultlib 'MSVCRT' conflicts with use of other libs; use /NODEFAULTLIB:library
  Project2D.vcxproj -> C:\Users\s181210\Documents\Projects\004_AI\Life-of-an-AI\G-Life of an AI\temp\Project2D\Win32\Debug\Project2D.exe
